<?xml version="1.0" encoding="UTF-8"?>
<!-- Generated by org.testng.reporters.JUnitReportReporter -->
<testsuite hostname="Himanshu" failures="0" tests="4" name="org.example.SmokeTestCases" time="50.899" errors="0" timestamp="2025-10-31T00:36:24 IST" skipped="0">
  <testcase classname="org.example.SmokeTestCases" name="LoginRegisteredAccount" time="5.950"/>
  <testcase classname="org.example.SmokeTestCases" name="RegisterNewAccountWithInvalidDetails" time="5.678"/>
  <testcase classname="org.example.SmokeTestCases" name="VerifySearchFuntioanlity" time="5.422"/>
  <testcase classname="org.example.SmokeTestCases" name="RegisterNewAccountWithValidDetails" time="33.849"/>
</testsuite> <!-- org.example.SmokeTestCases -->
