<?xml version="1.0" encoding="UTF-8"?>
<!-- Generated by org.testng.reporters.JUnitXMLReporter -->
<testsuite ignored="0" hostname="Himanshu" failures="0" tests="5" name="TestCases" time="50.94" errors="0" timestamp="2025-10-31T00:36:24 IST">
  <testcase classname="org.example.SmokeTestCases" name="VerifySearchFuntioanlity" time="0.565"/>
  <testcase classname="org.example.EndToEnd" name="AddProductIntoCart" time="4.161"/>
  <testcase classname="org.example.SmokeTestCases" name="RegisterNewAccountWithInvalidDetails" time="1.046"/>
  <testcase classname="org.example.SmokeTestCases" name="RegisterNewAccountWithValidDetails" time="3.253"/>
  <testcase classname="org.example.SmokeTestCases" name="LoginRegisteredAccount" time="0.847"/>
</testsuite> <!-- TestCases -->
